{"level":"\u001b[32minfo\u001b[39m","message":"{\"method\":\"POST\",\"url\":\"/teas\",\"status\":\"201\",\"responseTime\":\"2.321\"}","timestamp":"2024-11-20T10:55:04.240Z"}
{"level":"\u001b[32minfo\u001b[39m","message":"{\"method\":\"POST\",\"url\":\"/teas\",\"status\":\"201\",\"responseTime\":\"2.318\"}","timestamp":"2024-11-20T10:55:15.672Z"}
{"level":"\u001b[32minfo\u001b[39m","message":"{\"method\":\"POST\",\"url\":\"/teas\",\"status\":\"201\",\"responseTime\":\"0.925\"}","timestamp":"2024-11-20T10:55:20.914Z"}
{"level":"\u001b[32minfo\u001b[39m","message":"{\"method\":\"POST\",\"url\":\"/teas\",\"status\":\"201\",\"responseTime\":\"0.279\"}","timestamp":"2024-11-20T10:55:22.909Z"}
{"level":"\u001b[32minfo\u001b[39m","message":"{\"method\":\"GET\",\"url\":\"/teas\",\"status\":\"201\",\"responseTime\":\"0.354\"}","timestamp":"2024-11-20T10:55:37.536Z"}
{"level":"\u001b[32minfo\u001b[39m","message":"{\"method\":\"PUT\",\"url\":\"/teas/2\",\"status\":\"200\",\"responseTime\":\"0.812\"}","timestamp":"2024-11-20T10:55:52.693Z"}
{"level":"\u001b[32minfo\u001b[39m","message":"{\"method\":\"POST\",\"url\":\"/teas/\",\"status\":\"201\",\"responseTime\":\"2.870\"}","timestamp":"2024-11-20T10:56:39.793Z"}
{"level":"\u001b[32minfo\u001b[39m","message":"{\"method\":\"POST\",\"url\":\"/teas/\",\"status\":\"201\",\"responseTime\":\"0.330\"}","timestamp":"2024-11-20T10:56:40.538Z"}
{"level":"\u001b[32minfo\u001b[39m","message":"{\"method\":\"POST\",\"url\":\"/teas/\",\"status\":\"201\",\"responseTime\":\"0.512\"}","timestamp":"2024-11-20T10:56:41.215Z"}
{"level":"\u001b[32minfo\u001b[39m","message":"{\"method\":\"POST\",\"url\":\"/teas/\",\"status\":\"201\",\"responseTime\":\"0.434\"}","timestamp":"2024-11-20T10:56:41.918Z"}
{"level":"\u001b[32minfo\u001b[39m","message":"{\"method\":\"PUT\",\"url\":\"/teas/1\",\"status\":\"200\",\"responseTime\":\"1.020\"}","timestamp":"2024-11-20T10:56:47.586Z"}
{"level":"\u001b[32minfo\u001b[39m","message":"{\"method\":\"POST\",\"url\":\"/teas/1\",\"status\":\"404\",\"responseTime\":\"0.986\"}","timestamp":"2024-11-21T11:51:52.003Z"}
{"level":"\u001b[32minfo\u001b[39m","message":"{\"method\":\"POST\",\"url\":\"/teas\",\"status\":\"201\",\"responseTime\":\"13.408\"}","timestamp":"2024-11-21T11:52:04.173Z"}
{"level":"\u001b[32minfo\u001b[39m","message":"{\"method\":\"POST\",\"url\":\"/teas\",\"status\":\"201\",\"responseTime\":\"3.133\"}","timestamp":"2024-11-21T11:52:51.190Z"}
{"level":"\u001b[32minfo\u001b[39m","message":"{\"method\":\"POST\",\"url\":\"/teas\",\"status\":\"500\",\"responseTime\":\"2.738\"}","timestamp":"2024-11-21T12:02:42.590Z"}
{"level":"\u001b[32minfo\u001b[39m","message":"{\"method\":\"POST\",\"url\":\"/teas\",\"status\":\"201\",\"responseTime\":\"6.825\"}","timestamp":"2024-11-21T12:03:29.025Z"}
{"level":"\u001b[32minfo\u001b[39m","message":"{\"method\":\"POST\",\"url\":\"/teas\",\"status\":\"201\",\"responseTime\":\"5.880\"}","timestamp":"2024-11-21T12:03:44.189Z"}
{"level":"\u001b[32minfo\u001b[39m","message":"{\"method\":\"POST\",\"url\":\"/teas\",\"status\":\"201\",\"responseTime\":\"4.854\"}","timestamp":"2024-11-21T12:03:59.825Z"}
{"level":"\u001b[32minfo\u001b[39m","message":"{\"method\":\"POST\",\"url\":\"/teas\",\"status\":\"201\",\"responseTime\":\"6.996\"}","timestamp":"2024-11-21T12:04:52.719Z"}
{"level":"\u001b[32minfo\u001b[39m","message":"{\"method\":\"POST\",\"url\":\"/teas\",\"status\":\"201\",\"responseTime\":\"4.739\"}","timestamp":"2024-11-21T12:04:54.422Z"}
{"level":"\u001b[32minfo\u001b[39m","message":"{\"method\":\"POST\",\"url\":\"/teas\",\"status\":\"201\",\"responseTime\":\"4.768\"}","timestamp":"2024-11-21T12:04:55.569Z"}
{"level":"\u001b[32minfo\u001b[39m","message":"{\"method\":\"POST\",\"url\":\"/teas\",\"status\":\"201\",\"responseTime\":\"6.913\"}","timestamp":"2024-11-21T12:06:09.496Z"}
{"level":"\u001b[32minfo\u001b[39m","message":"{\"method\":\"POST\",\"url\":\"/teas\",\"status\":\"201\",\"responseTime\":\"5.620\"}","timestamp":"2024-11-21T12:06:23.925Z"}
{"level":"\u001b[32minfo\u001b[39m","message":"{\"method\":\"POST\",\"url\":\"/teas\",\"status\":\"201\",\"responseTime\":\"1.158\"}","timestamp":"2024-11-21T12:06:24.787Z"}
{"level":"\u001b[32minfo\u001b[39m","message":"{\"method\":\"POST\",\"url\":\"/teas\",\"status\":\"201\",\"responseTime\":\"0.896\"}","timestamp":"2024-11-21T12:06:25.679Z"}
{"level":"\u001b[32minfo\u001b[39m","message":"{\"method\":\"POST\",\"url\":\"/teas\",\"status\":\"201\",\"responseTime\":\"1.337\"}","timestamp":"2024-11-21T12:06:26.390Z"}
{"level":"\u001b[32minfo\u001b[39m","message":"{\"method\":\"POST\",\"url\":\"/teas\",\"status\":\"201\",\"responseTime\":\"4.673\"}","timestamp":"2024-11-21T12:07:05.281Z"}
{"level":"\u001b[32minfo\u001b[39m","message":"{\"method\":\"POST\",\"url\":\"/teas\",\"status\":\"201\",\"responseTime\":\"1.369\"}","timestamp":"2024-11-21T12:07:11.333Z"}
{"level":"\u001b[32minfo\u001b[39m","message":"{\"method\":\"POST\",\"url\":\"/teas\",\"status\":\"201\",\"responseTime\":\"1.461\"}","timestamp":"2024-11-21T12:07:21.735Z"}
{"level":"\u001b[32minfo\u001b[39m","message":"{\"method\":\"POST\",\"url\":\"/teas\",\"status\":\"201\",\"responseTime\":\"1.215\"}","timestamp":"2024-11-21T12:07:27.196Z"}
{"level":"\u001b[32minfo\u001b[39m","message":"{\"method\":\"POST\",\"url\":\"/teas\",\"status\":\"201\",\"responseTime\":\"1.477\"}","timestamp":"2024-11-21T12:07:32.351Z"}
{"level":"\u001b[32minfo\u001b[39m","message":"{\"method\":\"GET\",\"url\":\"/teas\",\"status\":\"201\",\"responseTime\":\"6.057\"}","timestamp":"2024-11-21T12:08:55.695Z"}
